  [1m[35m (0.1ms)[0m  [1m[34mSELECT sqlite_version(*)[0m
  ↳ /home/akshay/.rvm/rubies/ruby-2.6.0/lib/ruby/gems/2.6.0/gems/rake-12.3.2/lib/rake/task.rb:273
  [1m[35m (85.5ms)[0m  [1m[35mCREATE TABLE "schema_migrations" ("version" varchar NOT NULL PRIMARY KEY)[0m
  ↳ /home/akshay/.rvm/rubies/ruby-2.6.0/lib/ruby/gems/2.6.0/gems/rake-12.3.2/lib/rake/task.rb:273
  [1m[35m (84.1ms)[0m  [1m[35mCREATE TABLE "ar_internal_metadata" ("key" varchar NOT NULL PRIMARY KEY, "value" varchar, "created_at" datetime NOT NULL, "updated_at" datetime NOT NULL)[0m
  ↳ /home/akshay/.rvm/rubies/ruby-2.6.0/lib/ruby/gems/2.6.0/gems/rake-12.3.2/lib/rake/task.rb:273
  [1m[35m (0.3ms)[0m  [1m[34mSELECT "schema_migrations"."version" FROM "schema_migrations" ORDER BY "schema_migrations"."version" ASC[0m
  ↳ /home/akshay/.rvm/rubies/ruby-2.6.0/lib/ruby/gems/2.6.0/gems/rake-12.3.2/lib/rake/task.rb:273
Migrating to CreateUsers (20190214145131)
  [1m[35m (0.1ms)[0m  [1m[36mbegin transaction[0m
  ↳ /home/akshay/.rvm/rubies/ruby-2.6.0/lib/ruby/gems/2.6.0/gems/rake-12.3.2/lib/rake/task.rb:273
  [1m[35m (0.4ms)[0m  [1m[35mCREATE TABLE "users" ("id" integer PRIMARY KEY AUTOINCREMENT NOT NULL, "name" varchar, "password" varchar, "created_at" datetime NOT NULL, "updated_at" datetime NOT NULL)[0m
  ↳ db/migrate/20190214145131_create_users.rb:3
  [1m[36mActiveRecord::SchemaMigration Create (0.2ms)[0m  [1m[32mINSERT INTO "schema_migrations" ("version") VALUES (?)[0m  [["version", "20190214145131"]]
  ↳ /home/akshay/.rvm/rubies/ruby-2.6.0/lib/ruby/gems/2.6.0/gems/rake-12.3.2/lib/rake/task.rb:273
  [1m[35m (80.0ms)[0m  [1m[36mcommit transaction[0m
  ↳ /home/akshay/.rvm/rubies/ruby-2.6.0/lib/ruby/gems/2.6.0/gems/rake-12.3.2/lib/rake/task.rb:273
  [1m[36mActiveRecord::InternalMetadata Load (0.6ms)[0m  [1m[34mSELECT  "ar_internal_metadata".* FROM "ar_internal_metadata" WHERE "ar_internal_metadata"."key" = ? LIMIT ?[0m  [["key", "environment"], ["LIMIT", 1]]
  ↳ /home/akshay/.rvm/rubies/ruby-2.6.0/lib/ruby/gems/2.6.0/gems/rake-12.3.2/lib/rake/task.rb:273
  [1m[35m (0.1ms)[0m  [1m[36mbegin transaction[0m
  ↳ /home/akshay/.rvm/rubies/ruby-2.6.0/lib/ruby/gems/2.6.0/gems/rake-12.3.2/lib/rake/task.rb:273
  [1m[36mActiveRecord::InternalMetadata Create (0.5ms)[0m  [1m[32mINSERT INTO "ar_internal_metadata" ("key", "value", "created_at", "updated_at") VALUES (?, ?, ?, ?)[0m  [["key", "environment"], ["value", "development"], ["created_at", "2019-02-14 15:01:30.315516"], ["updated_at", "2019-02-14 15:01:30.315516"]]
  ↳ /home/akshay/.rvm/rubies/ruby-2.6.0/lib/ruby/gems/2.6.0/gems/rake-12.3.2/lib/rake/task.rb:273
  [1m[35m (60.3ms)[0m  [1m[36mcommit transaction[0m
  ↳ /home/akshay/.rvm/rubies/ruby-2.6.0/lib/ruby/gems/2.6.0/gems/rake-12.3.2/lib/rake/task.rb:273
  [1m[35m (0.5ms)[0m  [1m[34mSELECT "schema_migrations"."version" FROM "schema_migrations" ORDER BY "schema_migrations"."version" ASC[0m
  ↳ /home/akshay/.rvm/rubies/ruby-2.6.0/lib/ruby/gems/2.6.0/gems/rake-12.3.2/lib/rake/task.rb:273
  [1m[35m (0.1ms)[0m  [1m[34mSELECT "schema_migrations"."version" FROM "schema_migrations" ORDER BY "schema_migrations"."version" ASC[0m
  ↳ /home/akshay/.rvm/rubies/ruby-2.6.0/lib/ruby/gems/2.6.0/gems/rake-12.3.2/lib/rake/task.rb:273
Migrating to CreatePosts (20190214151405)
  [1m[35m (0.1ms)[0m  [1m[36mbegin transaction[0m
  ↳ /home/akshay/.rvm/rubies/ruby-2.6.0/lib/ruby/gems/2.6.0/gems/rake-12.3.2/lib/rake/task.rb:273
  [1m[35m (0.1ms)[0m  [1m[34mSELECT sqlite_version(*)[0m
  ↳ db/migrate/20190214151405_create_posts.rb:3
  [1m[35m (0.3ms)[0m  [1m[35mCREATE TABLE "posts" ("id" integer PRIMARY KEY AUTOINCREMENT NOT NULL, "user_id" integer, "title" varchar, "body" text, "created_at" datetime NOT NULL, "updated_at" datetime NOT NULL, CONSTRAINT "fk_rails_5b5ddfd518"
FOREIGN KEY ("user_id")
  REFERENCES "users" ("id")
)[0m
  ↳ db/migrate/20190214151405_create_posts.rb:3
  [1m[35m (0.1ms)[0m  [1m[35mCREATE  INDEX "index_posts_on_user_id" ON "posts" ("user_id")[0m
  ↳ db/migrate/20190214151405_create_posts.rb:3
  [1m[36mActiveRecord::SchemaMigration Create (0.1ms)[0m  [1m[32mINSERT INTO "schema_migrations" ("version") VALUES (?)[0m  [["version", "20190214151405"]]
  ↳ /home/akshay/.rvm/rubies/ruby-2.6.0/lib/ruby/gems/2.6.0/gems/rake-12.3.2/lib/rake/task.rb:273
  [1m[35m (103.0ms)[0m  [1m[36mcommit transaction[0m
  ↳ /home/akshay/.rvm/rubies/ruby-2.6.0/lib/ruby/gems/2.6.0/gems/rake-12.3.2/lib/rake/task.rb:273
Migrating to CreateComments (20190214151455)
  [1m[35m (0.2ms)[0m  [1m[36mbegin transaction[0m
  ↳ /home/akshay/.rvm/rubies/ruby-2.6.0/lib/ruby/gems/2.6.0/gems/rake-12.3.2/lib/rake/task.rb:273
  [1m[35m (0.2ms)[0m  [1m[31mrollback transaction[0m
  ↳ /home/akshay/.rvm/rubies/ruby-2.6.0/lib/ruby/gems/2.6.0/gems/rake-12.3.2/lib/rake/task.rb:273
  [1m[35m (0.1ms)[0m  [1m[34mSELECT "schema_migrations"."version" FROM "schema_migrations" ORDER BY "schema_migrations"."version" ASC[0m
  ↳ /home/akshay/.rvm/rubies/ruby-2.6.0/lib/ruby/gems/2.6.0/gems/rake-12.3.2/lib/rake/task.rb:273
Migrating to CreateComments (20190214151607)
  [1m[35m (0.1ms)[0m  [1m[36mbegin transaction[0m
  ↳ /home/akshay/.rvm/rubies/ruby-2.6.0/lib/ruby/gems/2.6.0/gems/rake-12.3.2/lib/rake/task.rb:273
  [1m[35m (0.1ms)[0m  [1m[34mSELECT sqlite_version(*)[0m
  ↳ db/migrate/20190214151607_create_comments.rb:3
  [1m[35m (0.3ms)[0m  [1m[35mCREATE TABLE "comments" ("id" integer PRIMARY KEY AUTOINCREMENT NOT NULL, "post_id" integer, "user_id" integer, "body" text, "created_at" datetime NOT NULL, "updated_at" datetime NOT NULL, CONSTRAINT "fk_rails_2fd19c0db7"
FOREIGN KEY ("post_id")
  REFERENCES "posts" ("id")
, CONSTRAINT "fk_rails_03de2dc08c"
FOREIGN KEY ("user_id")
  REFERENCES "users" ("id")
)[0m
  ↳ db/migrate/20190214151607_create_comments.rb:3
  [1m[35m (0.1ms)[0m  [1m[35mCREATE  INDEX "index_comments_on_post_id" ON "comments" ("post_id")[0m
  ↳ db/migrate/20190214151607_create_comments.rb:3
  [1m[35m (0.1ms)[0m  [1m[35mCREATE  INDEX "index_comments_on_user_id" ON "comments" ("user_id")[0m
  ↳ db/migrate/20190214151607_create_comments.rb:3
  [1m[36mActiveRecord::SchemaMigration Create (0.2ms)[0m  [1m[32mINSERT INTO "schema_migrations" ("version") VALUES (?)[0m  [["version", "20190214151607"]]
  ↳ /home/akshay/.rvm/rubies/ruby-2.6.0/lib/ruby/gems/2.6.0/gems/rake-12.3.2/lib/rake/task.rb:273
  [1m[35m (106.9ms)[0m  [1m[36mcommit transaction[0m
  ↳ /home/akshay/.rvm/rubies/ruby-2.6.0/lib/ruby/gems/2.6.0/gems/rake-12.3.2/lib/rake/task.rb:273
  [1m[36mActiveRecord::InternalMetadata Load (0.6ms)[0m  [1m[34mSELECT  "ar_internal_metadata".* FROM "ar_internal_metadata" WHERE "ar_internal_metadata"."key" = ? LIMIT ?[0m  [["key", "environment"], ["LIMIT", 1]]
  ↳ /home/akshay/.rvm/rubies/ruby-2.6.0/lib/ruby/gems/2.6.0/gems/rake-12.3.2/lib/rake/task.rb:273
  [1m[35m (0.1ms)[0m  [1m[36mbegin transaction[0m
  ↳ /home/akshay/.rvm/rubies/ruby-2.6.0/lib/ruby/gems/2.6.0/gems/rake-12.3.2/lib/rake/task.rb:273
  [1m[35m (0.1ms)[0m  [1m[36mcommit transaction[0m
  ↳ /home/akshay/.rvm/rubies/ruby-2.6.0/lib/ruby/gems/2.6.0/gems/rake-12.3.2/lib/rake/task.rb:273
  [1m[35m (0.2ms)[0m  [1m[34mSELECT "schema_migrations"."version" FROM "schema_migrations" ORDER BY "schema_migrations"."version" ASC[0m
  ↳ /home/akshay/.rvm/rubies/ruby-2.6.0/lib/ruby/gems/2.6.0/gems/rake-12.3.2/lib/rake/task.rb:273
Started GET "/" for 127.0.0.1 at 2019-02-14 20:53:14 +0530
  [1m[35m (0.1ms)[0m  [1m[34mSELECT "schema_migrations"."version" FROM "schema_migrations" ORDER BY "schema_migrations"."version" ASC[0m
  ↳ /home/akshay/.rvm/gems/ruby-2.6.0/gems/activerecord-5.2.2/lib/active_record/log_subscriber.rb:98
Processing by Rails::WelcomeController#index as HTML
  Rendering /home/akshay/.rvm/gems/ruby-2.6.0/gems/railties-5.2.2/lib/rails/templates/rails/welcome/index.html.erb
  Rendered /home/akshay/.rvm/gems/ruby-2.6.0/gems/railties-5.2.2/lib/rails/templates/rails/welcome/index.html.erb (3.2ms)
Completed 200 OK in 45ms (Views: 27.2ms | ActiveRecord: 0.0ms)


Started GET "/users" for 127.0.0.1 at 2019-02-14 20:53:17 +0530
Processing by UsersController#index as HTML
  Rendering users/index.html.erb within layouts/application
  [1m[36mUser Load (0.2ms)[0m  [1m[34mSELECT "users".* FROM "users"[0m
  ↳ app/views/users/index.html.erb:15
  Rendered users/index.html.erb within layouts/application (2.7ms)
Completed 200 OK in 2068ms (Views: 2064.1ms | ActiveRecord: 0.4ms)


Started GET "/users/new" for 127.0.0.1 at 2019-02-14 20:53:22 +0530
Processing by UsersController#new as HTML
  Rendering users/new.html.erb within layouts/application
  Rendered users/_form.html.erb (245.5ms)
  Rendered users/new.html.erb within layouts/application (247.3ms)
Completed 200 OK in 291ms (Views: 278.7ms | ActiveRecord: 0.9ms)


Started POST "/users" for 127.0.0.1 at 2019-02-14 20:53:35 +0530
Processing by UsersController#create as HTML
  Parameters: {"utf8"=>"✓", "authenticity_token"=>"XqMfVm4diJ4TqhOM8EEVJSw4y3q4a+jM70qhxudx81hx2CRu26Vdnrv5ISv6lV5VEVS9aKHkpmgyl6y/uhtijA==", "user"=>{"name"=>"akshay", "password"=>"[FILTERED]"}, "commit"=>"Create User"}
  [1m[35m (0.1ms)[0m  [1m[36mbegin transaction[0m
  ↳ app/controllers/users_controller.rb:30
  [1m[36mUser Create (0.5ms)[0m  [1m[32mINSERT INTO "users" ("name", "password", "created_at", "updated_at") VALUES (?, ?, ?, ?)[0m  [["name", "akshay"], ["password", "askay123"], ["created_at", "2019-02-14 15:23:35.268568"], ["updated_at", "2019-02-14 15:23:35.268568"]]
  ↳ app/controllers/users_controller.rb:30
  [1m[35m (113.4ms)[0m  [1m[36mcommit transaction[0m
  ↳ app/controllers/users_controller.rb:30
Redirected to http://localhost:3000/users/1
Completed 302 Found in 126ms (ActiveRecord: 114.0ms)


Started GET "/users/1" for 127.0.0.1 at 2019-02-14 20:53:35 +0530
Processing by UsersController#show as HTML
  Parameters: {"id"=>"1"}
  [1m[36mUser Load (0.4ms)[0m  [1m[34mSELECT  "users".* FROM "users" WHERE "users"."id" = ? LIMIT ?[0m  [["id", 1], ["LIMIT", 1]]
  ↳ app/controllers/users_controller.rb:67
  Rendering users/show.html.erb within layouts/application
  Rendered users/show.html.erb within layouts/application (1.1ms)
Completed 200 OK in 31ms (Views: 23.9ms | ActiveRecord: 0.4ms)


Started GET "/users" for 127.0.0.1 at 2019-02-14 20:53:38 +0530
Processing by UsersController#index as HTML
  Rendering users/index.html.erb within layouts/application
  [1m[36mUser Load (0.8ms)[0m  [1m[34mSELECT "users".* FROM "users"[0m
  ↳ app/views/users/index.html.erb:15
  Rendered users/index.html.erb within layouts/application (8.7ms)
Completed 200 OK in 49ms (Views: 43.8ms | ActiveRecord: 0.8ms)


Started GET "/users/1/edit" for 127.0.0.1 at 2019-02-14 21:01:11 +0530
Processing by UsersController#edit as HTML
  Parameters: {"id"=>"1"}
  [1m[36mUser Load (0.4ms)[0m  [1m[34mSELECT  "users".* FROM "users" WHERE "users"."id" = ? LIMIT ?[0m  [["id", 1], ["LIMIT", 1]]
  ↳ app/controllers/users_controller.rb:67
  Rendering users/edit.html.erb within layouts/application
  Rendered users/_form.html.erb (4.0ms)
  Rendered users/edit.html.erb within layouts/application (5.8ms)
Completed 200 OK in 43ms (Views: 37.9ms | ActiveRecord: 1.0ms)


Started GET "/users" for 127.0.0.1 at 2019-02-14 21:01:12 +0530
Processing by UsersController#index as HTML
  Rendering users/index.html.erb within layouts/application
  [1m[36mUser Load (0.8ms)[0m  [1m[34mSELECT "users".* FROM "users"[0m
  ↳ app/views/users/index.html.erb:15
  Rendered users/index.html.erb within layouts/application (9.7ms)
Completed 200 OK in 112ms (Views: 104.9ms | ActiveRecord: 0.8ms)


Started GET "/users/new" for 127.0.0.1 at 2019-02-14 21:01:13 +0530
Processing by UsersController#new as HTML
  Rendering users/new.html.erb within layouts/application
  Rendered users/_form.html.erb (11.1ms)
  Rendered users/new.html.erb within layouts/application (14.4ms)
Completed 200 OK in 83ms (Views: 78.7ms | ActiveRecord: 0.0ms)


Started POST "/users" for 127.0.0.1 at 2019-02-14 21:01:22 +0530
Processing by UsersController#create as HTML
  Parameters: {"utf8"=>"✓", "authenticity_token"=>"peww0lsdDK3EaCwvozX9U4/UYrJVhLvI3/zFwmuP0hiKlwvq7qXZrWw7Hoip4bYjsrgUoEwL9WwCIci7NuVDzA==", "user"=>{"name"=>"agna", "password"=>"[FILTERED]"}, "commit"=>"Create User"}
  [1m[35m (0.1ms)[0m  [1m[36mbegin transaction[0m
  ↳ app/controllers/users_controller.rb:30
  [1m[36mUser Create (0.9ms)[0m  [1m[32mINSERT INTO "users" ("name", "password", "created_at", "updated_at") VALUES (?, ?, ?, ?)[0m  [["name", "agna"], ["password", "agnabasil123"], ["created_at", "2019-02-14 15:31:22.059469"], ["updated_at", "2019-02-14 15:31:22.059469"]]
  ↳ app/controllers/users_controller.rb:30
  [1m[35m (110.3ms)[0m  [1m[36mcommit transaction[0m
  ↳ app/controllers/users_controller.rb:30
Redirected to http://localhost:3000/users/2
Completed 302 Found in 122ms (ActiveRecord: 111.4ms)


Started GET "/users/2" for 127.0.0.1 at 2019-02-14 21:01:22 +0530
Processing by UsersController#show as HTML
  Parameters: {"id"=>"2"}
  [1m[36mUser Load (0.4ms)[0m  [1m[34mSELECT  "users".* FROM "users" WHERE "users"."id" = ? LIMIT ?[0m  [["id", 2], ["LIMIT", 1]]
  ↳ app/controllers/users_controller.rb:67
  Rendering users/show.html.erb within layouts/application
  Rendered users/show.html.erb within layouts/application (1.0ms)
Completed 200 OK in 28ms (Views: 24.5ms | ActiveRecord: 0.4ms)


Started GET "/users" for 127.0.0.1 at 2019-02-14 21:01:24 +0530
Processing by UsersController#index as HTML
  Rendering users/index.html.erb within layouts/application
  [1m[36mUser Load (0.3ms)[0m  [1m[34mSELECT "users".* FROM "users"[0m
  ↳ app/views/users/index.html.erb:15
  Rendered users/index.html.erb within layouts/application (3.7ms)
Completed 200 OK in 32ms (Views: 29.5ms | ActiveRecord: 0.3ms)


Started GET "/posts" for 127.0.0.1 at 2019-02-14 21:01:51 +0530
Processing by PostsController#index as HTML
  Rendering posts/index.html.erb within layouts/application
  [1m[36mPost Load (0.2ms)[0m  [1m[34mSELECT "posts".* FROM "posts"[0m
  ↳ app/views/posts/index.html.erb:16
  Rendered posts/index.html.erb within layouts/application (2.4ms)
Completed 200 OK in 56ms (Views: 17.3ms | ActiveRecord: 0.5ms)


Started GET "/posts/new" for 127.0.0.1 at 2019-02-14 21:01:54 +0530
Processing by PostsController#new as HTML
  Rendering posts/new.html.erb within layouts/application
  Rendered posts/_form.html.erb (84.4ms)
  Rendered posts/new.html.erb within layouts/application (87.0ms)
Completed 200 OK in 160ms (Views: 152.1ms | ActiveRecord: 0.4ms)


Started POST "/posts" for 127.0.0.1 at 2019-02-14 21:02:05 +0530
Processing by PostsController#create as HTML
  Parameters: {"utf8"=>"✓", "authenticity_token"=>"xR9uvUKosi05nIGrIjB3adXMK9fh8i1D/IVMLKn67HIl8Ry+PGoQcYfnCc8MXQEysqOkFxt+8I9nH74vq8Otqw==", "post"=>{"user_id"=>"qwert", "title"=>"qq", "body"=>"qwq"}, "commit"=>"Create Post"}
  [1m[35m (0.1ms)[0m  [1m[36mbegin transaction[0m
  ↳ app/controllers/posts_controller.rb:30
  [1m[36mUser Load (0.5ms)[0m  [1m[34mSELECT  "users".* FROM "users" WHERE "users"."id" = ? LIMIT ?[0m  [["id", 0], ["LIMIT", 1]]
  ↳ app/controllers/posts_controller.rb:30
  [1m[35m (0.2ms)[0m  [1m[31mrollback transaction[0m
  ↳ app/controllers/posts_controller.rb:30
  Rendering posts/new.html.erb within layouts/application
  Rendered posts/_form.html.erb (15.4ms)
  Rendered posts/new.html.erb within layouts/application (20.3ms)
Completed 200 OK in 216ms (Views: 80.5ms | ActiveRecord: 0.8ms)


Started GET "/posts" for 127.0.0.1 at 2019-02-14 21:03:26 +0530
Processing by PostsController#index as HTML
  Rendering posts/index.html.erb within layouts/application
  [1m[36mPost Load (0.3ms)[0m  [1m[34mSELECT "posts".* FROM "posts"[0m
  ↳ app/views/posts/index.html.erb:16
  Rendered posts/index.html.erb within layouts/application (2.6ms)
Completed 200 OK in 35ms (Views: 33.1ms | ActiveRecord: 0.3ms)


Started GET "/posts" for 127.0.0.1 at 2019-02-14 21:03:49 +0530
Processing by PostsController#index as HTML
  Rendering posts/index.html.erb within layouts/application
  [1m[36mPost Load (0.2ms)[0m  [1m[34mSELECT "posts".* FROM "posts"[0m
  ↳ app/views/posts/index.html.erb:16
  Rendered posts/index.html.erb within layouts/application (1.5ms)
Completed 200 OK in 33ms (Views: 32.0ms | ActiveRecord: 0.2ms)


Started GET "/posts/new" for 127.0.0.1 at 2019-02-14 21:03:51 +0530
Processing by PostsController#new as HTML
  Rendering posts/new.html.erb within layouts/application
  Rendered posts/_form.html.erb (125.4ms)
  Rendered posts/new.html.erb within layouts/application (129.9ms)
Completed 500 Internal Server Error in 145ms (ActiveRecord: 0.0ms)


  
ActionView::Template::Error (undefined method `map' for nil:NilClass):
    13: 
    14:   <div class="field">
    15:     <%= form.label :user_id %>
    16:     <%= form.select :user_id %>
    17:   </div>
    18: 
    19:   <div class="field">
  
app/views/posts/_form.html.erb:16:in `block in _app_views_posts__form_html_erb___952150696390946527_70211580440920'
app/views/posts/_form.html.erb:1:in `_app_views_posts__form_html_erb___952150696390946527_70211580440920'
app/views/posts/new.html.erb:3:in `_app_views_posts_new_html_erb___3249457563518937355_70211580376700'
Started GET "/posts/new" for 127.0.0.1 at 2019-02-14 21:06:17 +0530
Processing by PostsController#new as HTML
  Rendering posts/new.html.erb within layouts/application
  [1m[36mUser Load (0.1ms)[0m  [1m[34mSELECT "users".* FROM "users"[0m
  ↳ app/views/posts/_form.html.erb:16
  Rendered posts/_form.html.erb (22.7ms)
  Rendered posts/new.html.erb within layouts/application (23.7ms)
Completed 200 OK in 49ms (Views: 40.9ms | ActiveRecord: 1.1ms)


Started GET "/posts/new" for 127.0.0.1 at 2019-02-14 21:06:47 +0530
Processing by PostsController#new as HTML
  Rendering posts/new.html.erb within layouts/application
  [1m[36mUser Load (0.2ms)[0m  [1m[34mSELECT "users".* FROM "users"[0m
  ↳ app/views/posts/_form.html.erb:16
  Rendered posts/_form.html.erb (6.7ms)
  Rendered posts/new.html.erb within layouts/application (8.1ms)
Completed 200 OK in 30ms (Views: 27.5ms | ActiveRecord: 0.8ms)


Started GET "/posts/new" for 127.0.0.1 at 2019-02-14 21:22:16 +0530
Processing by PostsController#new as HTML
  Rendering posts/new.html.erb within layouts/application
  Rendered posts/_form.html.erb (51.1ms)
  Rendered posts/new.html.erb within layouts/application (53.4ms)
Completed 500 Internal Server Error in 59ms (ActiveRecord: 0.0ms)


  
ActionView::Template::Error (undefined method `map' for nil:NilClass):
    13: 
    14:   <div class="field">
    15:     <%= form.label :user_id %>
    16:     <%= form.collection_select :user_id,@user,:id,:name %>
    17:   </div>
    18: 
    19:   <div class="field">
  
app/views/posts/_form.html.erb:16:in `block in _app_views_posts__form_html_erb___952150696390946527_70211643425460'
app/views/posts/_form.html.erb:1:in `_app_views_posts__form_html_erb___952150696390946527_70211643425460'
app/views/posts/new.html.erb:3:in `_app_views_posts_new_html_erb___3249457563518937355_70211643414820'
Started GET "/posts/new" for 127.0.0.1 at 2019-02-14 21:23:18 +0530
Processing by PostsController#new as HTML
  Rendering posts/new.html.erb within layouts/application
  [1m[36mUser Load (0.4ms)[0m  [1m[34mSELECT "users".* FROM "users"[0m
  ↳ app/views/posts/_form.html.erb:16
  Rendered posts/_form.html.erb (7.9ms)
  Rendered posts/new.html.erb within layouts/application (9.8ms)
Completed 200 OK in 32ms (Views: 30.0ms | ActiveRecord: 0.8ms)


Started POST "/posts" for 127.0.0.1 at 2019-02-14 21:28:45 +0530
Processing by PostsController#create as HTML
  Parameters: {"utf8"=>"✓", "authenticity_token"=>"Qu3MPRh9QAhLE21GRDmrz7VecCAtxwy9n+pTq0km3nBKUsrr95hXyNiB07bI9FiAhAGXi8l5TSZcihXgtnHyRw==", "post"=>{"user_id"=>"2", "title"=>"good morning", "body"=>"very good morning to all my friends."}, "commit"=>"Create Post"}
  [1m[35m (0.3ms)[0m  [1m[36mbegin transaction[0m
  ↳ app/controllers/posts_controller.rb:31
  [1m[36mUser Load (0.7ms)[0m  [1m[34mSELECT  "users".* FROM "users" WHERE "users"."id" = ? LIMIT ?[0m  [["id", 2], ["LIMIT", 1]]
  ↳ app/controllers/posts_controller.rb:31
  [1m[36mPost Create (1.2ms)[0m  [1m[32mINSERT INTO "posts" ("user_id", "title", "body", "created_at", "updated_at") VALUES (?, ?, ?, ?, ?)[0m  [["user_id", 2], ["title", "good morning"], ["body", "very good morning to all my friends."], ["created_at", "2019-02-14 15:58:45.654920"], ["updated_at", "2019-02-14 15:58:45.654920"]]
  ↳ app/controllers/posts_controller.rb:31
  [1m[35m (354.7ms)[0m  [1m[36mcommit transaction[0m
  ↳ app/controllers/posts_controller.rb:31
Redirected to http://localhost:3000/posts/1
Completed 302 Found in 386ms (ActiveRecord: 356.9ms)


Started GET "/posts/1" for 127.0.0.1 at 2019-02-14 21:28:46 +0530
Processing by PostsController#show as HTML
  Parameters: {"id"=>"1"}
  [1m[36mPost Load (0.9ms)[0m  [1m[34mSELECT  "posts".* FROM "posts" WHERE "posts"."id" = ? LIMIT ?[0m  [["id", 1], ["LIMIT", 1]]
  ↳ app/controllers/posts_controller.rb:68
  Rendering posts/show.html.erb within layouts/application
  [1m[36mUser Load (0.5ms)[0m  [1m[34mSELECT  "users".* FROM "users" WHERE "users"."id" = ? LIMIT ?[0m  [["id", 2], ["LIMIT", 1]]
  ↳ app/views/posts/show.html.erb:5
  Rendered posts/show.html.erb within layouts/application (8.1ms)
Completed 200 OK in 90ms (Views: 77.4ms | ActiveRecord: 2.7ms)


Started GET "/posts/1" for 127.0.0.1 at 2019-02-14 21:29:05 +0530
Processing by PostsController#show as HTML
  Parameters: {"id"=>"1"}
  [1m[36mPost Load (0.1ms)[0m  [1m[34mSELECT  "posts".* FROM "posts" WHERE "posts"."id" = ? LIMIT ?[0m  [["id", 1], ["LIMIT", 1]]
  ↳ app/controllers/posts_controller.rb:68
  Rendering posts/show.html.erb within layouts/application
  [1m[36mUser Load (0.1ms)[0m  [1m[34mSELECT  "users".* FROM "users" WHERE "users"."id" = ? LIMIT ?[0m  [["id", 2], ["LIMIT", 1]]
  ↳ app/views/posts/show.html.erb:5
  Rendered posts/show.html.erb within layouts/application (1.7ms)
Completed 200 OK in 23ms (Views: 21.5ms | ActiveRecord: 0.2ms)


Started GET "/posts" for 127.0.0.1 at 2019-02-14 21:29:20 +0530
Processing by PostsController#index as HTML
  Rendering posts/index.html.erb within layouts/application
  [1m[36mPost Load (0.1ms)[0m  [1m[34mSELECT "posts".* FROM "posts"[0m
  ↳ app/views/posts/index.html.erb:16
  [1m[36mUser Load (0.2ms)[0m  [1m[34mSELECT  "users".* FROM "users" WHERE "users"."id" = ? LIMIT ?[0m  [["id", 2], ["LIMIT", 1]]
  ↳ app/views/posts/index.html.erb:18
  Rendered posts/index.html.erb within layouts/application (3.7ms)
Completed 200 OK in 37ms (Views: 35.3ms | ActiveRecord: 0.8ms)


Started GET "/posts/1" for 127.0.0.1 at 2019-02-14 21:29:22 +0530
Processing by PostsController#show as HTML
  Parameters: {"id"=>"1"}
  [1m[36mPost Load (0.5ms)[0m  [1m[34mSELECT  "posts".* FROM "posts" WHERE "posts"."id" = ? LIMIT ?[0m  [["id", 1], ["LIMIT", 1]]
  ↳ app/controllers/posts_controller.rb:68
  Rendering posts/show.html.erb within layouts/application
  [1m[36mUser Load (0.2ms)[0m  [1m[34mSELECT  "users".* FROM "users" WHERE "users"."id" = ? LIMIT ?[0m  [["id", 2], ["LIMIT", 1]]
  ↳ app/views/posts/show.html.erb:5
  Rendered posts/show.html.erb within layouts/application (4.0ms)
Completed 200 OK in 37ms (Views: 31.9ms | ActiveRecord: 0.8ms)


Started GET "/posts/1" for 127.0.0.1 at 2019-02-14 21:29:35 +0530
Processing by PostsController#show as HTML
  Parameters: {"id"=>"1"}
  [1m[36mPost Load (0.2ms)[0m  [1m[34mSELECT  "posts".* FROM "posts" WHERE "posts"."id" = ? LIMIT ?[0m  [["id", 1], ["LIMIT", 1]]
  ↳ app/controllers/posts_controller.rb:68
  Rendering posts/show.html.erb within layouts/application
  [1m[36mUser Load (0.2ms)[0m  [1m[34mSELECT  "users".* FROM "users" WHERE "users"."id" = ? LIMIT ?[0m  [["id", 2], ["LIMIT", 1]]
  ↳ app/views/posts/show.html.erb:5
  Rendered posts/show.html.erb within layouts/application (2.6ms)
Completed 200 OK in 29ms (Views: 26.0ms | ActiveRecord: 0.4ms)


Started GET "/posts" for 127.0.0.1 at 2019-02-14 21:29:38 +0530
Processing by PostsController#index as HTML
  Rendering posts/index.html.erb within layouts/application
  [1m[36mPost Load (0.3ms)[0m  [1m[34mSELECT "posts".* FROM "posts"[0m
  ↳ app/views/posts/index.html.erb:16
  [1m[36mUser Load (1.4ms)[0m  [1m[34mSELECT  "users".* FROM "users" WHERE "users"."id" = ? LIMIT ?[0m  [["id", 2], ["LIMIT", 1]]
  ↳ app/views/posts/index.html.erb:18
  Rendered posts/index.html.erb within layouts/application (6.3ms)
Completed 200 OK in 28ms (Views: 24.5ms | ActiveRecord: 1.7ms)


Started GET "/posts/1" for 127.0.0.1 at 2019-02-14 21:29:44 +0530
Processing by PostsController#show as HTML
  Parameters: {"id"=>"1"}
  [1m[36mPost Load (0.3ms)[0m  [1m[34mSELECT  "posts".* FROM "posts" WHERE "posts"."id" = ? LIMIT ?[0m  [["id", 1], ["LIMIT", 1]]
  ↳ app/controllers/posts_controller.rb:68
  Rendering posts/show.html.erb within layouts/application
  [1m[36mUser Load (0.2ms)[0m  [1m[34mSELECT  "users".* FROM "users" WHERE "users"."id" = ? LIMIT ?[0m  [["id", 2], ["LIMIT", 1]]
  ↳ app/views/posts/show.html.erb:5
  Rendered posts/show.html.erb within layouts/application (3.5ms)
Completed 200 OK in 38ms (Views: 33.0ms | ActiveRecord: 0.5ms)


Started GET "/posts" for 127.0.0.1 at 2019-02-14 21:29:45 +0530
Processing by PostsController#index as HTML
  Rendering posts/index.html.erb within layouts/application
  [1m[36mPost Load (0.5ms)[0m  [1m[34mSELECT "posts".* FROM "posts"[0m
  ↳ app/views/posts/index.html.erb:16
  [1m[36mUser Load (0.2ms)[0m  [1m[34mSELECT  "users".* FROM "users" WHERE "users"."id" = ? LIMIT ?[0m  [["id", 2], ["LIMIT", 1]]
  ↳ app/views/posts/index.html.erb:18
  Rendered posts/index.html.erb within layouts/application (7.0ms)
Completed 200 OK in 45ms (Views: 40.2ms | ActiveRecord: 0.7ms)


  [1m[36mPost Load (0.4ms)[0m  [1m[34mSELECT  "posts".* FROM "posts" LIMIT ?[0m  [["LIMIT", 11]]
Started GET "/posts" for 127.0.0.1 at 2019-02-14 23:19:00 +0530
  [1m[35m (0.1ms)[0m  [1m[34mSELECT "schema_migrations"."version" FROM "schema_migrations" ORDER BY "schema_migrations"."version" ASC[0m
  ↳ /home/akshay/.rvm/gems/ruby-2.6.0/gems/activerecord-5.2.2/lib/active_record/log_subscriber.rb:98
Processing by PostsController#index as HTML
  Rendering posts/index.html.erb within layouts/application
  [1m[36mPost Load (0.1ms)[0m  [1m[34mSELECT "posts".* FROM "posts"[0m
  ↳ app/views/posts/index.html.erb:16
  [1m[36mUser Load (0.2ms)[0m  [1m[34mSELECT  "users".* FROM "users" WHERE "users"."id" = ? LIMIT ?[0m  [["id", 2], ["LIMIT", 1]]
  ↳ app/views/posts/index.html.erb:18
  Rendered posts/index.html.erb within layouts/application (31.1ms)
Completed 200 OK in 232ms (Views: 220.6ms | ActiveRecord: 1.3ms)


Started GET "/posts/1" for 127.0.0.1 at 2019-02-14 23:19:04 +0530
Processing by PostsController#show as HTML
  Parameters: {"id"=>"1"}
  [1m[36mPost Load (0.4ms)[0m  [1m[34mSELECT  "posts".* FROM "posts" WHERE "posts"."id" = ? LIMIT ?[0m  [["id", 1], ["LIMIT", 1]]
  ↳ app/controllers/posts_controller.rb:68
  Rendering posts/show.html.erb within layouts/application
  Rendered posts/show.html.erb within layouts/application (1.6ms)
Completed 500 Internal Server Error in 10ms (ActiveRecord: 1.1ms)


  
SyntaxError (/home/akshay/project/blog/app/views/posts/show.html.erb:21: syntax error, unexpected '<'
...freeze;@output_buffer.append=(<%= render @post.comments );@o...
...                              ^
/home/akshay/project/blog/app/views/posts/show.html.erb:32: syntax error, unexpected ensure, expecting ')'
          ensure
          ^~~~~~
/home/akshay/project/blog/app/views/posts/show.html.erb:34: syntax error, unexpected end, expecting ')'
          end
          ^~~):
  
app/views/posts/show.html.erb:21: syntax error, unexpected '<'
app/views/posts/show.html.erb:32: syntax error, unexpected ensure, expecting ')'
app/views/posts/show.html.erb:34: syntax error, unexpected end, expecting ')'
Started GET "/posts/1" for 127.0.0.1 at 2019-02-14 23:19:33 +0530
Processing by PostsController#show as HTML
  Parameters: {"id"=>"1"}
  [1m[36mPost Load (0.1ms)[0m  [1m[34mSELECT  "posts".* FROM "posts" WHERE "posts"."id" = ? LIMIT ?[0m  [["id", 1], ["LIMIT", 1]]
  ↳ app/controllers/posts_controller.rb:68
  Rendering posts/show.html.erb within layouts/application
  [1m[36mUser Load (0.5ms)[0m  [1m[34mSELECT  "users".* FROM "users" WHERE "users"."id" = ? LIMIT ?[0m  [["id", 2], ["LIMIT", 1]]
  ↳ app/views/posts/show.html.erb:5
  [1m[36mComment Load (0.2ms)[0m  [1m[34mSELECT "comments".* FROM "comments" WHERE "comments"."post_id" = ?[0m  [["post_id", 1]]
  ↳ app/views/posts/show.html.erb:21
  Rendered collection of templates [0 times] (0.0ms)
  Rendered comments/_new.html.erb (21.1ms)
  Rendered posts/show.html.erb within layouts/application (115.1ms)
Completed 500 Internal Server Error in 118ms (ActiveRecord: 1.6ms)


  
SyntaxError (/home/akshay/project/blog/app/views/comments/_new.html.erb:1: syntax error, unexpected '<'
...er.new;@output_buffer.append= <%= form_for([@post,Comment.ne...
...                              ^
/home/akshay/project/blog/app/views/comments/_new.html.erb:7: syntax error, unexpected ensure, expecting end-of-input
          ensure
          ^~~~~~):
  
app/views/comments/_new.html.erb:1: syntax error, unexpected '<'
app/views/comments/_new.html.erb:7: syntax error, unexpected ensure, expecting end-of-input
app/views/posts/show.html.erb:25:in `_app_views_posts_show_html_erb___2442922184493025264_69940153678720'
Started GET "/posts/1" for 127.0.0.1 at 2019-02-14 23:19:35 +0530
Processing by PostsController#show as HTML
  Parameters: {"id"=>"1"}
  [1m[36mPost Load (0.1ms)[0m  [1m[34mSELECT  "posts".* FROM "posts" WHERE "posts"."id" = ? LIMIT ?[0m  [["id", 1], ["LIMIT", 1]]
  ↳ app/controllers/posts_controller.rb:68
  Rendering posts/show.html.erb within layouts/application
  [1m[36mUser Load (0.1ms)[0m  [1m[34mSELECT  "users".* FROM "users" WHERE "users"."id" = ? LIMIT ?[0m  [["id", 2], ["LIMIT", 1]]
  ↳ app/views/posts/show.html.erb:5
  [1m[36mComment Load (0.1ms)[0m  [1m[34mSELECT "comments".* FROM "comments" WHERE "comments"."post_id" = ?[0m  [["post_id", 1]]
  ↳ app/views/posts/show.html.erb:21
  Rendered collection of templates [0 times] (0.0ms)
  Rendered comments/_new.html.erb (1.5ms)
  Rendered posts/show.html.erb within layouts/application (4.9ms)
Completed 500 Internal Server Error in 8ms (ActiveRecord: 0.3ms)


  
SyntaxError (/home/akshay/project/blog/app/views/comments/_new.html.erb:1: syntax error, unexpected '<'
...er.new;@output_buffer.append= <%= form_for([@post,Comment.ne...
...                              ^
/home/akshay/project/blog/app/views/comments/_new.html.erb:7: syntax error, unexpected ensure, expecting end-of-input
          ensure
          ^~~~~~):
  
app/views/comments/_new.html.erb:1: syntax error, unexpected '<'
app/views/comments/_new.html.erb:7: syntax error, unexpected ensure, expecting end-of-input
app/views/posts/show.html.erb:25:in `_app_views_posts_show_html_erb___2442922184493025264_69940205089760'
Started GET "/posts/1" for 127.0.0.1 at 2019-02-14 23:19:54 +0530
Processing by PostsController#show as HTML
  Parameters: {"id"=>"1"}
  [1m[36mPost Load (0.1ms)[0m  [1m[34mSELECT  "posts".* FROM "posts" WHERE "posts"."id" = ? LIMIT ?[0m  [["id", 1], ["LIMIT", 1]]
  ↳ app/controllers/posts_controller.rb:68
  Rendering posts/show.html.erb within layouts/application
  [1m[36mUser Load (0.1ms)[0m  [1m[34mSELECT  "users".* FROM "users" WHERE "users"."id" = ? LIMIT ?[0m  [["id", 2], ["LIMIT", 1]]
  ↳ app/views/posts/show.html.erb:5
  [1m[36mComment Load (0.1ms)[0m  [1m[34mSELECT "comments".* FROM "comments" WHERE "comments"."post_id" = ?[0m  [["post_id", 1]]
  ↳ app/views/posts/show.html.erb:21
  Rendered collection of templates [0 times] (0.0ms)
  Rendered comments/_new.html.erb (58.9ms)
  Rendered posts/show.html.erb within layouts/application (63.2ms)
Completed 200 OK in 89ms (Views: 86.7ms | ActiveRecord: 0.7ms)


